2021-07-03 20:22:14,665:INFO:PyCaret Supervised Module
2021-07-03 20:22:14,666:INFO:ML Usecase: classification
2021-07-03 20:22:14,666:INFO:version 2.3.1
2021-07-03 20:22:14,667:INFO:Initializing setup()
2021-07-03 20:22:14,667:INFO:setup(target=Survived, ml_usecase=classification, available_plots={'parameter': 'Hyperparameters', 'auc': 'AUC', 'confusion_matrix': 'Confusion Matrix', 'threshold': 'Threshold', 'pr': 'Precision Recall', 'error': 'Prediction Error', 'class_report': 'Class Report', 'rfe': 'Feature Selection', 'learning': 'Learning Curve', 'manifold': 'Manifold Learning', 'calibration': 'Calibration Curve', 'vc': 'Validation Curve', 'dimension': 'Dimensions', 'feature': 'Feature Importance', 'feature_all': 'Feature Importance (All)', 'boundary': 'Decision Boundary', 'lift': 'Lift Chart', 'gain': 'Gain Chart', 'tree': 'Decision Tree'}, train_size=0.7, test_data=None, preprocess=True, imputation_type=simple, iterative_imputation_iters=5, categorical_features=None, categorical_imputation=constant, categorical_iterative_imputer=lightgbm, ordinal_features=None, high_cardinality_features=None, high_cardinality_method=frequency, numeric_features=None, numeric_imputation=mean, numeric_iterative_imputer=lightgbm, date_features=None, ignore_features=['Ticket', 'Name', 'PassengerId'], normalize=False, normalize_method=zscore, transformation=False, transformation_method=yeo-johnson, handle_unknown_categorical=True, unknown_categorical_method=least_frequent, pca=False, pca_method=linear, pca_components=None, ignore_low_variance=False, combine_rare_levels=False, rare_level_threshold=0.1, bin_numeric_features=None, remove_outliers=False, outliers_threshold=0.05, remove_multicollinearity=False, multicollinearity_threshold=0.9, remove_perfect_collinearity=True, create_clusters=False, cluster_iter=20, polynomial_features=False, polynomial_degree=2, trigonometry_features=False, polynomial_threshold=0.1, group_features=None, group_names=None, feature_selection=False, feature_selection_threshold=0.8, feature_selection_method=classic, feature_interaction=False, feature_ratio=False, interaction_threshold=0.01, fix_imbalance=False, fix_imbalance_method=None, transform_target=False, transform_target_method=box-cox, data_split_shuffle=True, data_split_stratify=False, fold_strategy=stratifiedkfold, fold=10, fold_shuffle=False, fold_groups=None, n_jobs=-1, use_gpu=False, custom_pipeline=None, html=True, session_id=786, log_experiment=False, experiment_name=None, log_plots=False, log_profile=False, log_data=False, silent=True, verbose=True, profile=False, profile_kwargs=None, display=None)
2021-07-03 20:22:14,671:INFO:Checking environment
2021-07-03 20:22:14,672:INFO:python_version: 3.8.10
2021-07-03 20:22:14,672:INFO:python_build: ('default', 'May 19 2021 13:12:57')
2021-07-03 20:22:14,672:INFO:machine: AMD64
2021-07-03 20:22:14,690:INFO:platform: Windows-10-10.0.19042-SP0
2021-07-03 20:22:14,692:WARNING:cannot find psutil installation. memory not traceable. Install psutil using pip to enable memory logging.
2021-07-03 20:22:14,692:INFO:Checking libraries
2021-07-03 20:22:14,692:INFO:pd==1.2.5
2021-07-03 20:22:14,692:INFO:numpy==1.19.5
2021-07-03 20:22:14,692:INFO:sklearn==0.23.2
2021-07-03 20:22:14,692:INFO:lightgbm==3.2.1
2021-07-03 20:22:14,695:WARNING:catboost not found
2021-07-03 20:22:14,696:WARNING:xgboost not found
2021-07-03 20:22:15,500:INFO:mlflow==1.18.0
2021-07-03 20:22:15,501:INFO:Checking Exceptions
2021-07-03 20:22:15,501:INFO:Declaring global variables
2021-07-03 20:22:15,501:INFO:USI: 2c6d
2021-07-03 20:22:15,501:INFO:pycaret_globals: {'X', '_available_plots', 'X_train', 'n_jobs_param', 'target_param', 'transform_target_param', 'data_before_preprocess', 'fold_param', 'experiment__', 'exp_name_log', 'create_model_container', '_all_metrics', '_gpu_n_jobs_param', 'imputation_classifier', 'imputation_regressor', 'y', 'fix_imbalance_param', '_ml_usecase', 'transform_target_method_param', 'USI', '_all_models', 'fix_imbalance_method_param', 'y_train', 'stratify_param', 'master_model_container', 'fold_generator', 'fold_shuffle_param', 'html_param', 'pycaret_globals', 'fold_groups_param', 'y_test', 'iterative_imputation_iters_param', 'X_test', 'prep_pipe', '_internal_pipeline', 'gpu_param', 'fold_groups_param_full', 'display_container', '_all_models_internal', 'log_plots_param', 'logging_param', 'seed'}
2021-07-03 20:22:15,502:INFO:Preparing display monitor
2021-07-03 20:22:15,502:INFO:Preparing display monitor
2021-07-03 20:22:15,523:INFO:Importing libraries
2021-07-03 20:22:15,524:INFO:Copying data for preprocessing
2021-07-03 20:22:15,539:INFO:Declaring preprocessing parameters
2021-07-03 20:22:15,543:INFO:Creating preprocessing pipeline
2021-07-03 20:22:15,578:INFO:Preprocessing pipeline created successfully
2021-07-03 20:22:15,578:ERROR:(Process Exit): setup has been interupted with user command 'quit'. setup must rerun.
2021-07-03 20:22:15,579:INFO:Creating global containers
2021-07-03 20:22:15,580:INFO:Internal pipeline: Pipeline(memory=None, steps=[('empty_step', 'passthrough')], verbose=False)
2021-07-03 20:22:16,004:WARNING:Couldn't import xgboost.XGBClassifier
2021-07-03 20:22:16,006:WARNING:Couldn't import catboost.CatBoostClassifier
2021-07-03 20:22:16,106:WARNING:Couldn't import xgboost.XGBClassifier
2021-07-03 20:22:16,106:WARNING:Couldn't import catboost.CatBoostClassifier
2021-07-03 20:22:16,106:INFO:Creating grid variables
2021-07-03 20:22:16,140:INFO:create_model_container: 0
2021-07-03 20:22:16,140:INFO:master_model_container: 0
2021-07-03 20:22:16,140:INFO:display_container: 1
2021-07-03 20:22:16,146:INFO:Pipeline(memory=None,
         steps=[('dtypes',
                 DataTypes_Auto_infer(categorical_features=[],
                                      display_types=False,
                                      features_todrop=['Ticket', 'Name',
                                                       'PassengerId'],
                                      id_columns=['PassengerId'],
                                      ml_usecase='classification',
                                      numerical_features=[], target='Survived',
                                      time_features=[])),
                ('imputer',
                 Simple_Imputer(categorical_strategy='not_available',
                                fill_value_categorical...
                ('scaling', 'passthrough'), ('P_transform', 'passthrough'),
                ('binn', 'passthrough'), ('rem_outliers', 'passthrough'),
                ('cluster_all', 'passthrough'),
                ('dummy', Dummify(target='Survived')),
                ('fix_perfect', Remove_100(target='Survived')),
                ('clean_names', Clean_Colum_Names()),
                ('feature_select', 'passthrough'), ('fix_multi', 'passthrough'),
                ('dfs', 'passthrough'), ('pca', 'passthrough')],
         verbose=False)
2021-07-03 20:22:16,146:INFO:setup() succesfully completed......................................
2021-07-03 20:24:36,557:INFO:Initializing compare_models()
2021-07-03 20:24:36,557:INFO:compare_models(include=None, fold=None, round=4, cross_validation=True, sort=Accuracy, n_select=1, budget_time=None, turbo=True, errors=ignore, fit_kwargs=None, groups=None, verbose=True, display=None, exclude=None)
2021-07-03 20:24:36,557:INFO:Checking exceptions
2021-07-03 20:24:36,558:INFO:Preparing display monitor
2021-07-03 20:24:36,558:INFO:Preparing display monitor
2021-07-03 20:24:36,606:INFO:Initializing Logistic Regression
2021-07-03 20:24:36,606:INFO:Total runtime is 0.0 minutes
2021-07-03 20:24:36,623:INFO:SubProcess create_model() called ==================================
2021-07-03 20:24:36,623:INFO:Initializing create_model()
2021-07-03 20:24:36,623:INFO:create_model(estimator=lr, fold=StratifiedKFold(n_splits=10, random_state=None, shuffle=False), round=4, cross_validation=True, predict=True, fit_kwargs={}, groups=None, refit=False, verbose=False, system=False, metrics=None, display=<pycaret.internal.Display.Display object at 0x0000022283275580>, kwargs={})
2021-07-03 20:24:36,623:INFO:Checking exceptions
2021-07-03 20:24:36,624:INFO:Importing libraries
2021-07-03 20:24:36,624:INFO:Copying training dataset
2021-07-03 20:24:36,626:INFO:Defining folds
2021-07-03 20:24:36,626:INFO:Declaring metric variables
2021-07-03 20:24:36,638:INFO:Importing untrained model
2021-07-03 20:24:36,651:INFO:Logistic Regression Imported succesfully
2021-07-03 20:24:36,676:INFO:Starting cross validation
2021-07-03 20:24:36,677:INFO:Cross validating with StratifiedKFold(n_splits=10, random_state=None, shuffle=False), n_jobs=-1
2021-07-03 20:24:43,572:INFO:Calculating mean and std
2021-07-03 20:24:43,572:INFO:Creating metrics dataframe
2021-07-03 20:24:43,584:INFO:Uploading results into container
2021-07-03 20:24:43,584:INFO:Uploading model into container now
2021-07-03 20:24:43,584:INFO:create_model_container: 1
2021-07-03 20:24:43,584:INFO:master_model_container: 1
2021-07-03 20:24:43,584:INFO:display_container: 2
2021-07-03 20:24:43,585:INFO:LogisticRegression(C=1.0, class_weight=None, dual=False, fit_intercept=True,
                   intercept_scaling=1, l1_ratio=None, max_iter=1000,
                   multi_class='auto', n_jobs=None, penalty='l2',
                   random_state=786, solver='lbfgs', tol=0.0001, verbose=0,
                   warm_start=False)
2021-07-03 20:24:43,586:INFO:create_model() succesfully completed......................................
2021-07-03 20:24:43,682:INFO:SubProcess create_model() end ==================================
2021-07-03 20:24:43,683:INFO:Creating metrics dataframe
2021-07-03 20:24:43,697:INFO:Initializing K Neighbors Classifier
2021-07-03 20:24:43,698:INFO:Total runtime is 0.11819794575373331 minutes
2021-07-03 20:24:43,709:INFO:SubProcess create_model() called ==================================
2021-07-03 20:24:43,709:INFO:Initializing create_model()
2021-07-03 20:24:43,709:INFO:create_model(estimator=knn, fold=StratifiedKFold(n_splits=10, random_state=None, shuffle=False), round=4, cross_validation=True, predict=True, fit_kwargs={}, groups=None, refit=False, verbose=False, system=False, metrics=None, display=<pycaret.internal.Display.Display object at 0x0000022283275580>, kwargs={})
2021-07-03 20:24:43,709:INFO:Checking exceptions
2021-07-03 20:24:43,709:INFO:Importing libraries
2021-07-03 20:24:43,710:INFO:Copying training dataset
2021-07-03 20:24:43,712:INFO:Defining folds
2021-07-03 20:24:43,712:INFO:Declaring metric variables
2021-07-03 20:24:43,722:INFO:Importing untrained model
2021-07-03 20:24:43,733:INFO:K Neighbors Classifier Imported succesfully
2021-07-03 20:24:43,754:INFO:Starting cross validation
2021-07-03 20:24:43,755:INFO:Cross validating with StratifiedKFold(n_splits=10, random_state=None, shuffle=False), n_jobs=-1
2021-07-03 20:24:48,697:INFO:Calculating mean and std
2021-07-03 20:24:48,701:INFO:Creating metrics dataframe
2021-07-03 20:24:48,716:INFO:Uploading results into container
2021-07-03 20:24:48,716:INFO:Uploading model into container now
2021-07-03 20:24:48,716:INFO:create_model_container: 2
2021-07-03 20:24:48,716:INFO:master_model_container: 2
2021-07-03 20:24:48,716:INFO:display_container: 2
2021-07-03 20:24:48,717:INFO:KNeighborsClassifier(algorithm='auto', leaf_size=30, metric='minkowski',
                     metric_params=None, n_jobs=-1, n_neighbors=5, p=2,
                     weights='uniform')
2021-07-03 20:24:48,717:INFO:create_model() succesfully completed......................................
2021-07-03 20:24:48,862:INFO:SubProcess create_model() end ==================================
2021-07-03 20:24:48,862:INFO:Creating metrics dataframe
2021-07-03 20:24:48,905:INFO:Initializing Naive Bayes
2021-07-03 20:24:48,905:INFO:Total runtime is 0.20498507022857665 minutes
2021-07-03 20:24:48,934:INFO:SubProcess create_model() called ==================================
2021-07-03 20:24:48,935:INFO:Initializing create_model()
2021-07-03 20:24:48,935:INFO:create_model(estimator=nb, fold=StratifiedKFold(n_splits=10, random_state=None, shuffle=False), round=4, cross_validation=True, predict=True, fit_kwargs={}, groups=None, refit=False, verbose=False, system=False, metrics=None, display=<pycaret.internal.Display.Display object at 0x0000022283275580>, kwargs={})
2021-07-03 20:24:48,935:INFO:Checking exceptions
2021-07-03 20:24:48,935:INFO:Importing libraries
2021-07-03 20:24:48,936:INFO:Copying training dataset
2021-07-03 20:24:48,937:INFO:Defining folds
2021-07-03 20:24:48,938:INFO:Declaring metric variables
2021-07-03 20:24:48,960:INFO:Importing untrained model
2021-07-03 20:24:48,982:INFO:Naive Bayes Imported succesfully
2021-07-03 20:24:49,024:INFO:Starting cross validation
2021-07-03 20:24:49,025:INFO:Cross validating with StratifiedKFold(n_splits=10, random_state=None, shuffle=False), n_jobs=-1
2021-07-03 20:24:49,176:INFO:Calculating mean and std
2021-07-03 20:24:49,176:INFO:Creating metrics dataframe
2021-07-03 20:24:49,191:INFO:Uploading results into container
2021-07-03 20:24:49,194:INFO:Uploading model into container now
2021-07-03 20:24:49,194:INFO:create_model_container: 3
2021-07-03 20:24:49,194:INFO:master_model_container: 3
2021-07-03 20:24:49,194:INFO:display_container: 2
2021-07-03 20:24:49,195:INFO:GaussianNB(priors=None, var_smoothing=1e-09)
2021-07-03 20:24:49,195:INFO:create_model() succesfully completed......................................
2021-07-03 20:24:49,377:INFO:SubProcess create_model() end ==================================
2021-07-03 20:24:49,377:INFO:Creating metrics dataframe
2021-07-03 20:24:49,397:INFO:Initializing Decision Tree Classifier
2021-07-03 20:24:49,398:INFO:Total runtime is 0.21319917837778726 minutes
2021-07-03 20:24:49,409:INFO:SubProcess create_model() called ==================================
2021-07-03 20:24:49,409:INFO:Initializing create_model()
2021-07-03 20:24:49,409:INFO:create_model(estimator=dt, fold=StratifiedKFold(n_splits=10, random_state=None, shuffle=False), round=4, cross_validation=True, predict=True, fit_kwargs={}, groups=None, refit=False, verbose=False, system=False, metrics=None, display=<pycaret.internal.Display.Display object at 0x0000022283275580>, kwargs={})
2021-07-03 20:24:49,410:INFO:Checking exceptions
2021-07-03 20:24:49,410:INFO:Importing libraries
2021-07-03 20:24:49,410:INFO:Copying training dataset
2021-07-03 20:24:49,411:INFO:Defining folds
2021-07-03 20:24:49,411:INFO:Declaring metric variables
2021-07-03 20:24:49,425:INFO:Importing untrained model
2021-07-03 20:24:49,438:INFO:Decision Tree Classifier Imported succesfully
2021-07-03 20:24:49,470:INFO:Starting cross validation
2021-07-03 20:24:49,470:INFO:Cross validating with StratifiedKFold(n_splits=10, random_state=None, shuffle=False), n_jobs=-1
2021-07-03 20:24:49,546:INFO:Calculating mean and std
2021-07-03 20:24:49,547:INFO:Creating metrics dataframe
2021-07-03 20:24:49,554:INFO:Uploading results into container
2021-07-03 20:24:49,554:INFO:Uploading model into container now
2021-07-03 20:24:49,554:INFO:create_model_container: 4
2021-07-03 20:24:49,555:INFO:master_model_container: 4
2021-07-03 20:24:49,555:INFO:display_container: 2
2021-07-03 20:24:49,555:INFO:DecisionTreeClassifier(ccp_alpha=0.0, class_weight=None, criterion='gini',
                       max_depth=None, max_features=None, max_leaf_nodes=None,
                       min_impurity_decrease=0.0, min_impurity_split=None,
                       min_samples_leaf=1, min_samples_split=2,
                       min_weight_fraction_leaf=0.0, presort='deprecated',
                       random_state=786, splitter='best')
2021-07-03 20:24:49,555:INFO:create_model() succesfully completed......................................
2021-07-03 20:24:49,643:INFO:SubProcess create_model() end ==================================
2021-07-03 20:24:49,643:INFO:Creating metrics dataframe
2021-07-03 20:24:49,663:INFO:Initializing SVM - Linear Kernel
2021-07-03 20:24:49,663:INFO:Total runtime is 0.2176081339518229 minutes
2021-07-03 20:24:49,674:INFO:SubProcess create_model() called ==================================
2021-07-03 20:24:49,674:INFO:Initializing create_model()
2021-07-03 20:24:49,674:INFO:create_model(estimator=svm, fold=StratifiedKFold(n_splits=10, random_state=None, shuffle=False), round=4, cross_validation=True, predict=True, fit_kwargs={}, groups=None, refit=False, verbose=False, system=False, metrics=None, display=<pycaret.internal.Display.Display object at 0x0000022283275580>, kwargs={})
2021-07-03 20:24:49,675:INFO:Checking exceptions
2021-07-03 20:24:49,675:INFO:Importing libraries
2021-07-03 20:24:49,675:INFO:Copying training dataset
2021-07-03 20:24:49,677:INFO:Defining folds
2021-07-03 20:24:49,677:INFO:Declaring metric variables
2021-07-03 20:24:49,688:INFO:Importing untrained model
2021-07-03 20:24:49,698:INFO:SVM - Linear Kernel Imported succesfully
2021-07-03 20:24:49,721:INFO:Starting cross validation
2021-07-03 20:24:49,722:INFO:Cross validating with StratifiedKFold(n_splits=10, random_state=None, shuffle=False), n_jobs=-1
2021-07-03 20:24:49,785:INFO:Calculating mean and std
2021-07-03 20:24:49,786:INFO:Creating metrics dataframe
2021-07-03 20:24:49,791:INFO:Uploading results into container
2021-07-03 20:24:49,791:INFO:Uploading model into container now
2021-07-03 20:24:49,792:INFO:create_model_container: 5
2021-07-03 20:24:49,793:INFO:master_model_container: 5
2021-07-03 20:24:49,793:INFO:display_container: 2
2021-07-03 20:24:49,793:INFO:SGDClassifier(alpha=0.0001, average=False, class_weight=None,
              early_stopping=False, epsilon=0.1, eta0=0.001, fit_intercept=True,
              l1_ratio=0.15, learning_rate='optimal', loss='hinge',
              max_iter=1000, n_iter_no_change=5, n_jobs=-1, penalty='l2',
              power_t=0.5, random_state=786, shuffle=True, tol=0.001,
              validation_fraction=0.1, verbose=0, warm_start=False)
2021-07-03 20:24:49,793:INFO:create_model() succesfully completed......................................
2021-07-03 20:24:49,867:INFO:SubProcess create_model() end ==================================
2021-07-03 20:24:49,867:INFO:Creating metrics dataframe
2021-07-03 20:24:49,906:INFO:Initializing Ridge Classifier
2021-07-03 20:24:49,907:INFO:Total runtime is 0.2216864307721456 minutes
2021-07-03 20:24:49,919:INFO:SubProcess create_model() called ==================================
2021-07-03 20:24:49,920:INFO:Initializing create_model()
2021-07-03 20:24:49,920:INFO:create_model(estimator=ridge, fold=StratifiedKFold(n_splits=10, random_state=None, shuffle=False), round=4, cross_validation=True, predict=True, fit_kwargs={}, groups=None, refit=False, verbose=False, system=False, metrics=None, display=<pycaret.internal.Display.Display object at 0x0000022283275580>, kwargs={})
2021-07-03 20:24:49,920:INFO:Checking exceptions
2021-07-03 20:24:49,920:INFO:Importing libraries
2021-07-03 20:24:49,920:INFO:Copying training dataset
2021-07-03 20:24:49,922:INFO:Defining folds
2021-07-03 20:24:49,922:INFO:Declaring metric variables
2021-07-03 20:24:49,934:INFO:Importing untrained model
2021-07-03 20:24:49,950:INFO:Ridge Classifier Imported succesfully
2021-07-03 20:24:49,977:INFO:Starting cross validation
2021-07-03 20:24:49,978:INFO:Cross validating with StratifiedKFold(n_splits=10, random_state=None, shuffle=False), n_jobs=-1
2021-07-03 20:24:50,039:INFO:Calculating mean and std
2021-07-03 20:24:50,041:INFO:Creating metrics dataframe
2021-07-03 20:24:50,047:INFO:Uploading results into container
2021-07-03 20:24:50,047:INFO:Uploading model into container now
2021-07-03 20:24:50,047:INFO:create_model_container: 6
2021-07-03 20:24:50,047:INFO:master_model_container: 6
2021-07-03 20:24:50,047:INFO:display_container: 2
2021-07-03 20:24:50,048:INFO:RidgeClassifier(alpha=1.0, class_weight=None, copy_X=True, fit_intercept=True,
                max_iter=None, normalize=False, random_state=786, solver='auto',
                tol=0.001)
2021-07-03 20:24:50,048:INFO:create_model() succesfully completed......................................
2021-07-03 20:24:50,128:INFO:SubProcess create_model() end ==================================
2021-07-03 20:24:50,129:INFO:Creating metrics dataframe
2021-07-03 20:24:50,154:INFO:Initializing Random Forest Classifier
2021-07-03 20:24:50,154:INFO:Total runtime is 0.22580028374989827 minutes
2021-07-03 20:24:50,166:INFO:SubProcess create_model() called ==================================
2021-07-03 20:24:50,166:INFO:Initializing create_model()
2021-07-03 20:24:50,166:INFO:create_model(estimator=rf, fold=StratifiedKFold(n_splits=10, random_state=None, shuffle=False), round=4, cross_validation=True, predict=True, fit_kwargs={}, groups=None, refit=False, verbose=False, system=False, metrics=None, display=<pycaret.internal.Display.Display object at 0x0000022283275580>, kwargs={})
2021-07-03 20:24:50,167:INFO:Checking exceptions
2021-07-03 20:24:50,167:INFO:Importing libraries
2021-07-03 20:24:50,167:INFO:Copying training dataset
2021-07-03 20:24:50,168:INFO:Defining folds
2021-07-03 20:24:50,169:INFO:Declaring metric variables
2021-07-03 20:24:50,180:INFO:Importing untrained model
2021-07-03 20:24:50,192:INFO:Random Forest Classifier Imported succesfully
2021-07-03 20:24:50,214:INFO:Starting cross validation
2021-07-03 20:24:50,215:INFO:Cross validating with StratifiedKFold(n_splits=10, random_state=None, shuffle=False), n_jobs=-1
2021-07-03 20:24:50,980:INFO:Calculating mean and std
2021-07-03 20:24:50,980:INFO:Creating metrics dataframe
2021-07-03 20:24:50,997:INFO:Uploading results into container
2021-07-03 20:24:50,998:INFO:Uploading model into container now
2021-07-03 20:24:50,998:INFO:create_model_container: 7
2021-07-03 20:24:50,998:INFO:master_model_container: 7
2021-07-03 20:24:50,998:INFO:display_container: 2
2021-07-03 20:24:50,998:INFO:RandomForestClassifier(bootstrap=True, ccp_alpha=0.0, class_weight=None,
                       criterion='gini', max_depth=None, max_features='auto',
                       max_leaf_nodes=None, max_samples=None,
                       min_impurity_decrease=0.0, min_impurity_split=None,
                       min_samples_leaf=1, min_samples_split=2,
                       min_weight_fraction_leaf=0.0, n_estimators=100,
                       n_jobs=-1, oob_score=False, random_state=786, verbose=0,
                       warm_start=False)
2021-07-03 20:24:50,998:INFO:create_model() succesfully completed......................................
2021-07-03 20:24:51,163:INFO:SubProcess create_model() end ==================================
2021-07-03 20:24:51,163:INFO:Creating metrics dataframe
2021-07-03 20:24:51,184:INFO:Initializing Quadratic Discriminant Analysis
2021-07-03 20:24:51,184:INFO:Total runtime is 0.24296923875808715 minutes
2021-07-03 20:24:51,194:INFO:SubProcess create_model() called ==================================
2021-07-03 20:24:51,195:INFO:Initializing create_model()
2021-07-03 20:24:51,195:INFO:create_model(estimator=qda, fold=StratifiedKFold(n_splits=10, random_state=None, shuffle=False), round=4, cross_validation=True, predict=True, fit_kwargs={}, groups=None, refit=False, verbose=False, system=False, metrics=None, display=<pycaret.internal.Display.Display object at 0x0000022283275580>, kwargs={})
2021-07-03 20:24:51,195:INFO:Checking exceptions
2021-07-03 20:24:51,195:INFO:Importing libraries
2021-07-03 20:24:51,195:INFO:Copying training dataset
2021-07-03 20:24:51,196:INFO:Defining folds
2021-07-03 20:24:51,196:INFO:Declaring metric variables
2021-07-03 20:24:51,208:INFO:Importing untrained model
2021-07-03 20:24:51,223:INFO:Quadratic Discriminant Analysis Imported succesfully
2021-07-03 20:24:51,244:INFO:Starting cross validation
2021-07-03 20:24:51,245:INFO:Cross validating with StratifiedKFold(n_splits=10, random_state=None, shuffle=False), n_jobs=-1
2021-07-03 20:24:51,350:INFO:Calculating mean and std
2021-07-03 20:24:51,351:INFO:Creating metrics dataframe
2021-07-03 20:24:51,357:INFO:Uploading results into container
2021-07-03 20:24:51,357:INFO:Uploading model into container now
2021-07-03 20:24:51,357:INFO:create_model_container: 8
2021-07-03 20:24:51,357:INFO:master_model_container: 8
2021-07-03 20:24:51,357:INFO:display_container: 2
2021-07-03 20:24:51,357:INFO:QuadraticDiscriminantAnalysis(priors=None, reg_param=0.0,
                              store_covariance=False, tol=0.0001)
2021-07-03 20:24:51,358:INFO:create_model() succesfully completed......................................
2021-07-03 20:24:51,469:INFO:SubProcess create_model() end ==================================
2021-07-03 20:24:51,470:INFO:Creating metrics dataframe
2021-07-03 20:24:51,530:INFO:Initializing Ada Boost Classifier
2021-07-03 20:24:51,530:INFO:Total runtime is 0.2487316131591797 minutes
2021-07-03 20:24:51,560:INFO:SubProcess create_model() called ==================================
2021-07-03 20:24:51,562:INFO:Initializing create_model()
2021-07-03 20:24:51,562:INFO:create_model(estimator=ada, fold=StratifiedKFold(n_splits=10, random_state=None, shuffle=False), round=4, cross_validation=True, predict=True, fit_kwargs={}, groups=None, refit=False, verbose=False, system=False, metrics=None, display=<pycaret.internal.Display.Display object at 0x0000022283275580>, kwargs={})
2021-07-03 20:24:51,563:INFO:Checking exceptions
2021-07-03 20:24:51,563:INFO:Importing libraries
2021-07-03 20:24:51,564:INFO:Copying training dataset
2021-07-03 20:24:51,567:INFO:Defining folds
2021-07-03 20:24:51,567:INFO:Declaring metric variables
2021-07-03 20:24:51,598:INFO:Importing untrained model
2021-07-03 20:24:51,631:INFO:Ada Boost Classifier Imported succesfully
2021-07-03 20:24:51,691:INFO:Starting cross validation
2021-07-03 20:24:51,693:INFO:Cross validating with StratifiedKFold(n_splits=10, random_state=None, shuffle=False), n_jobs=-1
2021-07-03 20:24:52,112:INFO:Calculating mean and std
2021-07-03 20:24:52,112:INFO:Creating metrics dataframe
2021-07-03 20:24:52,118:INFO:Uploading results into container
2021-07-03 20:24:52,118:INFO:Uploading model into container now
2021-07-03 20:24:52,118:INFO:create_model_container: 9
2021-07-03 20:24:52,118:INFO:master_model_container: 9
2021-07-03 20:24:52,118:INFO:display_container: 2
2021-07-03 20:24:52,119:INFO:AdaBoostClassifier(algorithm='SAMME.R', base_estimator=None, learning_rate=1.0,
                   n_estimators=50, random_state=786)
2021-07-03 20:24:52,119:INFO:create_model() succesfully completed......................................
2021-07-03 20:24:52,199:INFO:SubProcess create_model() end ==================================
2021-07-03 20:24:52,199:INFO:Creating metrics dataframe
2021-07-03 20:24:52,226:INFO:Initializing Gradient Boosting Classifier
2021-07-03 20:24:52,226:INFO:Total runtime is 0.2603381951649984 minutes
2021-07-03 20:24:52,240:INFO:SubProcess create_model() called ==================================
2021-07-03 20:24:52,241:INFO:Initializing create_model()
2021-07-03 20:24:52,241:INFO:create_model(estimator=gbc, fold=StratifiedKFold(n_splits=10, random_state=None, shuffle=False), round=4, cross_validation=True, predict=True, fit_kwargs={}, groups=None, refit=False, verbose=False, system=False, metrics=None, display=<pycaret.internal.Display.Display object at 0x0000022283275580>, kwargs={})
2021-07-03 20:24:52,241:INFO:Checking exceptions
2021-07-03 20:24:52,241:INFO:Importing libraries
2021-07-03 20:24:52,241:INFO:Copying training dataset
2021-07-03 20:24:52,242:INFO:Defining folds
2021-07-03 20:24:52,242:INFO:Declaring metric variables
2021-07-03 20:24:52,252:INFO:Importing untrained model
2021-07-03 20:24:52,266:INFO:Gradient Boosting Classifier Imported succesfully
2021-07-03 20:24:52,303:INFO:Starting cross validation
2021-07-03 20:24:52,306:INFO:Cross validating with StratifiedKFold(n_splits=10, random_state=None, shuffle=False), n_jobs=-1
2021-07-03 20:24:52,795:INFO:Calculating mean and std
2021-07-03 20:24:52,797:INFO:Creating metrics dataframe
2021-07-03 20:24:52,806:INFO:Uploading results into container
2021-07-03 20:24:52,810:INFO:Uploading model into container now
2021-07-03 20:24:52,810:INFO:create_model_container: 10
2021-07-03 20:24:52,810:INFO:master_model_container: 10
2021-07-03 20:24:52,810:INFO:display_container: 2
2021-07-03 20:24:52,812:INFO:GradientBoostingClassifier(ccp_alpha=0.0, criterion='friedman_mse', init=None,
                           learning_rate=0.1, loss='deviance', max_depth=3,
                           max_features=None, max_leaf_nodes=None,
                           min_impurity_decrease=0.0, min_impurity_split=None,
                           min_samples_leaf=1, min_samples_split=2,
                           min_weight_fraction_leaf=0.0, n_estimators=100,
                           n_iter_no_change=None, presort='deprecated',
                           random_state=786, subsample=1.0, tol=0.0001,
                           validation_fraction=0.1, verbose=0,
                           warm_start=False)
2021-07-03 20:24:52,812:INFO:create_model() succesfully completed......................................
2021-07-03 20:24:52,970:INFO:SubProcess create_model() end ==================================
2021-07-03 20:24:52,970:INFO:Creating metrics dataframe
2021-07-03 20:24:52,991:INFO:Initializing Linear Discriminant Analysis
2021-07-03 20:24:52,991:INFO:Total runtime is 0.2730733950932821 minutes
2021-07-03 20:24:53,000:INFO:SubProcess create_model() called ==================================
2021-07-03 20:24:53,001:INFO:Initializing create_model()
2021-07-03 20:24:53,001:INFO:create_model(estimator=lda, fold=StratifiedKFold(n_splits=10, random_state=None, shuffle=False), round=4, cross_validation=True, predict=True, fit_kwargs={}, groups=None, refit=False, verbose=False, system=False, metrics=None, display=<pycaret.internal.Display.Display object at 0x0000022283275580>, kwargs={})
2021-07-03 20:24:53,001:INFO:Checking exceptions
2021-07-03 20:24:53,001:INFO:Importing libraries
2021-07-03 20:24:53,001:INFO:Copying training dataset
2021-07-03 20:24:53,002:INFO:Defining folds
2021-07-03 20:24:53,002:INFO:Declaring metric variables
2021-07-03 20:24:53,013:INFO:Importing untrained model
2021-07-03 20:24:53,023:INFO:Linear Discriminant Analysis Imported succesfully
2021-07-03 20:24:53,047:INFO:Starting cross validation
2021-07-03 20:24:53,048:INFO:Cross validating with StratifiedKFold(n_splits=10, random_state=None, shuffle=False), n_jobs=-1
2021-07-03 20:24:53,180:INFO:Calculating mean and std
2021-07-03 20:24:53,182:INFO:Creating metrics dataframe
2021-07-03 20:24:53,191:INFO:Uploading results into container
2021-07-03 20:24:53,191:INFO:Uploading model into container now
2021-07-03 20:24:53,191:INFO:create_model_container: 11
2021-07-03 20:24:53,191:INFO:master_model_container: 11
2021-07-03 20:24:53,191:INFO:display_container: 2
2021-07-03 20:24:53,191:INFO:LinearDiscriminantAnalysis(n_components=None, priors=None, shrinkage=None,
                           solver='svd', store_covariance=False, tol=0.0001)
2021-07-03 20:24:53,192:INFO:create_model() succesfully completed......................................
2021-07-03 20:24:53,280:INFO:SubProcess create_model() end ==================================
2021-07-03 20:24:53,280:INFO:Creating metrics dataframe
2021-07-03 20:24:53,302:INFO:Initializing Extra Trees Classifier
2021-07-03 20:24:53,302:INFO:Total runtime is 0.27825614213943484 minutes
2021-07-03 20:24:53,312:INFO:SubProcess create_model() called ==================================
2021-07-03 20:24:53,313:INFO:Initializing create_model()
2021-07-03 20:24:53,313:INFO:create_model(estimator=et, fold=StratifiedKFold(n_splits=10, random_state=None, shuffle=False), round=4, cross_validation=True, predict=True, fit_kwargs={}, groups=None, refit=False, verbose=False, system=False, metrics=None, display=<pycaret.internal.Display.Display object at 0x0000022283275580>, kwargs={})
2021-07-03 20:24:53,313:INFO:Checking exceptions
2021-07-03 20:24:53,313:INFO:Importing libraries
2021-07-03 20:24:53,313:INFO:Copying training dataset
2021-07-03 20:24:53,315:INFO:Defining folds
2021-07-03 20:24:53,315:INFO:Declaring metric variables
2021-07-03 20:24:53,327:INFO:Importing untrained model
2021-07-03 20:24:53,340:INFO:Extra Trees Classifier Imported succesfully
2021-07-03 20:24:53,373:INFO:Starting cross validation
2021-07-03 20:24:53,374:INFO:Cross validating with StratifiedKFold(n_splits=10, random_state=None, shuffle=False), n_jobs=-1
2021-07-03 20:24:54,204:INFO:Calculating mean and std
2021-07-03 20:24:54,206:INFO:Creating metrics dataframe
2021-07-03 20:24:54,211:INFO:Uploading results into container
2021-07-03 20:24:54,211:INFO:Uploading model into container now
2021-07-03 20:24:54,211:INFO:create_model_container: 12
2021-07-03 20:24:54,211:INFO:master_model_container: 12
2021-07-03 20:24:54,211:INFO:display_container: 2
2021-07-03 20:24:54,212:INFO:ExtraTreesClassifier(bootstrap=False, ccp_alpha=0.0, class_weight=None,
                     criterion='gini', max_depth=None, max_features='auto',
                     max_leaf_nodes=None, max_samples=None,
                     min_impurity_decrease=0.0, min_impurity_split=None,
                     min_samples_leaf=1, min_samples_split=2,
                     min_weight_fraction_leaf=0.0, n_estimators=100, n_jobs=-1,
                     oob_score=False, random_state=786, verbose=0,
                     warm_start=False)
2021-07-03 20:24:54,212:INFO:create_model() succesfully completed......................................
2021-07-03 20:24:54,297:INFO:SubProcess create_model() end ==================================
2021-07-03 20:24:54,297:INFO:Creating metrics dataframe
2021-07-03 20:24:54,326:INFO:Initializing Light Gradient Boosting Machine
2021-07-03 20:24:54,326:INFO:Total runtime is 0.2953287919362386 minutes
2021-07-03 20:24:54,338:INFO:SubProcess create_model() called ==================================
2021-07-03 20:24:54,339:INFO:Initializing create_model()
2021-07-03 20:24:54,339:INFO:create_model(estimator=lightgbm, fold=StratifiedKFold(n_splits=10, random_state=None, shuffle=False), round=4, cross_validation=True, predict=True, fit_kwargs={}, groups=None, refit=False, verbose=False, system=False, metrics=None, display=<pycaret.internal.Display.Display object at 0x0000022283275580>, kwargs={})
2021-07-03 20:24:54,339:INFO:Checking exceptions
2021-07-03 20:24:54,339:INFO:Importing libraries
2021-07-03 20:24:54,339:INFO:Copying training dataset
2021-07-03 20:24:54,340:INFO:Defining folds
2021-07-03 20:24:54,340:INFO:Declaring metric variables
2021-07-03 20:24:54,353:INFO:Importing untrained model
2021-07-03 20:24:54,369:INFO:Light Gradient Boosting Machine Imported succesfully
2021-07-03 20:24:54,397:INFO:Starting cross validation
2021-07-03 20:24:54,398:INFO:Cross validating with StratifiedKFold(n_splits=10, random_state=None, shuffle=False), n_jobs=-1
2021-07-03 20:24:54,605:INFO:Calculating mean and std
2021-07-03 20:24:54,606:INFO:Creating metrics dataframe
2021-07-03 20:24:54,613:INFO:Uploading results into container
2021-07-03 20:24:54,613:INFO:Uploading model into container now
2021-07-03 20:24:54,613:INFO:create_model_container: 13
2021-07-03 20:24:54,613:INFO:master_model_container: 13
2021-07-03 20:24:54,613:INFO:display_container: 2
2021-07-03 20:24:54,614:INFO:LGBMClassifier(boosting_type='gbdt', class_weight=None, colsample_bytree=1.0,
               importance_type='split', learning_rate=0.1, max_depth=-1,
               min_child_samples=20, min_child_weight=0.001, min_split_gain=0.0,
               n_estimators=100, n_jobs=-1, num_leaves=31, objective=None,
               random_state=786, reg_alpha=0.0, reg_lambda=0.0, silent=True,
               subsample=1.0, subsample_for_bin=200000, subsample_freq=0)
2021-07-03 20:24:54,614:INFO:create_model() succesfully completed......................................
2021-07-03 20:24:54,721:INFO:SubProcess create_model() end ==================================
2021-07-03 20:24:54,721:INFO:Creating metrics dataframe
2021-07-03 20:24:54,779:INFO:Initializing create_model()
2021-07-03 20:24:54,779:INFO:create_model(estimator=LGBMClassifier(boosting_type='gbdt', class_weight=None, colsample_bytree=1.0,
               importance_type='split', learning_rate=0.1, max_depth=-1,
               min_child_samples=20, min_child_weight=0.001, min_split_gain=0.0,
               n_estimators=100, n_jobs=-1, num_leaves=31, objective=None,
               random_state=786, reg_alpha=0.0, reg_lambda=0.0, silent=True,
               subsample=1.0, subsample_for_bin=200000, subsample_freq=0), fold=StratifiedKFold(n_splits=10, random_state=None, shuffle=False), round=4, cross_validation=False, predict=False, fit_kwargs={}, groups=None, refit=True, verbose=False, system=False, metrics=None, display=None, kwargs={})
2021-07-03 20:24:54,780:INFO:Checking exceptions
2021-07-03 20:24:54,780:INFO:Importing libraries
2021-07-03 20:24:54,780:INFO:Copying training dataset
2021-07-03 20:24:54,781:INFO:Defining folds
2021-07-03 20:24:54,781:INFO:Declaring metric variables
2021-07-03 20:24:54,781:INFO:Importing untrained model
2021-07-03 20:24:54,781:INFO:Declaring custom model
2021-07-03 20:24:54,782:INFO:Light Gradient Boosting Machine Imported succesfully
2021-07-03 20:24:54,783:INFO:Cross validation set to False
2021-07-03 20:24:54,783:INFO:Fitting Model
2021-07-03 20:24:54,996:INFO:LGBMClassifier(boosting_type='gbdt', class_weight=None, colsample_bytree=1.0,
               importance_type='split', learning_rate=0.1, max_depth=-1,
               min_child_samples=20, min_child_weight=0.001, min_split_gain=0.0,
               n_estimators=100, n_jobs=-1, num_leaves=31, objective=None,
               random_state=786, reg_alpha=0.0, reg_lambda=0.0, silent=True,
               subsample=1.0, subsample_for_bin=200000, subsample_freq=0)
2021-07-03 20:24:54,996:INFO:create_models() succesfully completed......................................
2021-07-03 20:24:55,266:INFO:create_model_container: 13
2021-07-03 20:24:55,267:INFO:master_model_container: 13
2021-07-03 20:24:55,267:INFO:display_container: 2
2021-07-03 20:24:55,269:INFO:LGBMClassifier(boosting_type='gbdt', class_weight=None, colsample_bytree=1.0,
               importance_type='split', learning_rate=0.1, max_depth=-1,
               min_child_samples=20, min_child_weight=0.001, min_split_gain=0.0,
               n_estimators=100, n_jobs=-1, num_leaves=31, objective=None,
               random_state=786, reg_alpha=0.0, reg_lambda=0.0, silent=True,
               subsample=1.0, subsample_for_bin=200000, subsample_freq=0)
2021-07-03 20:24:55,270:INFO:compare_models() succesfully completed......................................
2021-07-03 20:27:05,456:INFO:Initializing compare_models()
2021-07-03 20:27:05,456:INFO:compare_models(include=None, fold=None, round=4, cross_validation=True, sort=Accuracy, n_select=1, budget_time=None, turbo=True, errors=ignore, fit_kwargs=None, groups=None, verbose=True, display=None, exclude=None)
2021-07-03 20:27:05,456:INFO:Checking exceptions
2021-07-03 20:27:05,457:INFO:Preparing display monitor
2021-07-03 20:27:05,457:INFO:Preparing display monitor
2021-07-03 20:27:05,503:INFO:Initializing Logistic Regression
2021-07-03 20:27:05,503:INFO:Total runtime is 0.0 minutes
2021-07-03 20:27:05,515:INFO:SubProcess create_model() called ==================================
2021-07-03 20:27:05,516:INFO:Initializing create_model()
2021-07-03 20:27:05,516:INFO:create_model(estimator=lr, fold=StratifiedKFold(n_splits=10, random_state=None, shuffle=False), round=4, cross_validation=True, predict=True, fit_kwargs={}, groups=None, refit=False, verbose=False, system=False, metrics=None, display=<pycaret.internal.Display.Display object at 0x00000222832753D0>, kwargs={})
2021-07-03 20:27:05,516:INFO:Checking exceptions
2021-07-03 20:27:05,516:INFO:Importing libraries
2021-07-03 20:27:05,517:INFO:Copying training dataset
2021-07-03 20:27:05,519:INFO:Defining folds
2021-07-03 20:27:05,519:INFO:Declaring metric variables
2021-07-03 20:27:05,529:INFO:Importing untrained model
2021-07-03 20:27:05,545:INFO:Logistic Regression Imported succesfully
2021-07-03 20:27:05,575:INFO:Starting cross validation
2021-07-03 20:27:05,576:INFO:Cross validating with StratifiedKFold(n_splits=10, random_state=None, shuffle=False), n_jobs=-1
2021-07-03 20:27:06,152:INFO:Calculating mean and std
2021-07-03 20:27:06,154:INFO:Creating metrics dataframe
2021-07-03 20:27:06,164:INFO:Uploading results into container
2021-07-03 20:27:06,164:INFO:Uploading model into container now
2021-07-03 20:27:06,164:INFO:create_model_container: 14
2021-07-03 20:27:06,164:INFO:master_model_container: 14
2021-07-03 20:27:06,164:INFO:display_container: 3
2021-07-03 20:27:06,165:INFO:LogisticRegression(C=1.0, class_weight=None, dual=False, fit_intercept=True,
                   intercept_scaling=1, l1_ratio=None, max_iter=1000,
                   multi_class='auto', n_jobs=None, penalty='l2',
                   random_state=786, solver='lbfgs', tol=0.0001, verbose=0,
                   warm_start=False)
2021-07-03 20:27:06,165:INFO:create_model() succesfully completed......................................
2021-07-03 20:27:06,263:INFO:SubProcess create_model() end ==================================
2021-07-03 20:27:06,263:INFO:Creating metrics dataframe
2021-07-03 20:27:06,280:INFO:Initializing K Neighbors Classifier
2021-07-03 20:27:06,280:INFO:Total runtime is 0.012949089209238688 minutes
2021-07-03 20:27:06,290:INFO:SubProcess create_model() called ==================================
2021-07-03 20:27:06,290:INFO:Initializing create_model()
2021-07-03 20:27:06,290:INFO:create_model(estimator=knn, fold=StratifiedKFold(n_splits=10, random_state=None, shuffle=False), round=4, cross_validation=True, predict=True, fit_kwargs={}, groups=None, refit=False, verbose=False, system=False, metrics=None, display=<pycaret.internal.Display.Display object at 0x00000222832753D0>, kwargs={})
2021-07-03 20:27:06,290:INFO:Checking exceptions
2021-07-03 20:27:06,290:INFO:Importing libraries
2021-07-03 20:27:06,291:INFO:Copying training dataset
2021-07-03 20:27:06,291:INFO:Defining folds
2021-07-03 20:27:06,292:INFO:Declaring metric variables
2021-07-03 20:27:06,303:INFO:Importing untrained model
2021-07-03 20:27:06,315:INFO:K Neighbors Classifier Imported succesfully
2021-07-03 20:27:06,340:INFO:Starting cross validation
2021-07-03 20:27:06,340:INFO:Cross validating with StratifiedKFold(n_splits=10, random_state=None, shuffle=False), n_jobs=-1
2021-07-03 20:27:06,521:INFO:Calculating mean and std
2021-07-03 20:27:06,522:INFO:Creating metrics dataframe
2021-07-03 20:27:06,529:INFO:Uploading results into container
2021-07-03 20:27:06,529:INFO:Uploading model into container now
2021-07-03 20:27:06,529:INFO:create_model_container: 15
2021-07-03 20:27:06,529:INFO:master_model_container: 15
2021-07-03 20:27:06,529:INFO:display_container: 3
2021-07-03 20:27:06,530:INFO:KNeighborsClassifier(algorithm='auto', leaf_size=30, metric='minkowski',
                     metric_params=None, n_jobs=-1, n_neighbors=5, p=2,
                     weights='uniform')
2021-07-03 20:27:06,530:INFO:create_model() succesfully completed......................................
2021-07-03 20:27:06,629:INFO:SubProcess create_model() end ==================================
2021-07-03 20:27:06,629:INFO:Creating metrics dataframe
2021-07-03 20:27:06,651:INFO:Initializing Naive Bayes
2021-07-03 20:27:06,651:INFO:Total runtime is 0.019134644667307535 minutes
2021-07-03 20:27:06,662:INFO:SubProcess create_model() called ==================================
2021-07-03 20:27:06,662:INFO:Initializing create_model()
2021-07-03 20:27:06,662:INFO:create_model(estimator=nb, fold=StratifiedKFold(n_splits=10, random_state=None, shuffle=False), round=4, cross_validation=True, predict=True, fit_kwargs={}, groups=None, refit=False, verbose=False, system=False, metrics=None, display=<pycaret.internal.Display.Display object at 0x00000222832753D0>, kwargs={})
2021-07-03 20:27:06,662:INFO:Checking exceptions
2021-07-03 20:27:06,662:INFO:Importing libraries
2021-07-03 20:27:06,662:INFO:Copying training dataset
2021-07-03 20:27:06,663:INFO:Defining folds
2021-07-03 20:27:06,664:INFO:Declaring metric variables
2021-07-03 20:27:06,675:INFO:Importing untrained model
2021-07-03 20:27:06,691:INFO:Naive Bayes Imported succesfully
2021-07-03 20:27:06,729:INFO:Starting cross validation
2021-07-03 20:27:06,731:INFO:Cross validating with StratifiedKFold(n_splits=10, random_state=None, shuffle=False), n_jobs=-1
2021-07-03 20:27:06,811:INFO:Calculating mean and std
2021-07-03 20:27:06,812:INFO:Creating metrics dataframe
2021-07-03 20:27:06,820:INFO:Uploading results into container
2021-07-03 20:27:06,820:INFO:Uploading model into container now
2021-07-03 20:27:06,821:INFO:create_model_container: 16
2021-07-03 20:27:06,821:INFO:master_model_container: 16
2021-07-03 20:27:06,821:INFO:display_container: 3
2021-07-03 20:27:06,821:INFO:GaussianNB(priors=None, var_smoothing=1e-09)
2021-07-03 20:27:06,821:INFO:create_model() succesfully completed......................................
2021-07-03 20:27:06,918:INFO:SubProcess create_model() end ==================================
2021-07-03 20:27:06,918:INFO:Creating metrics dataframe
2021-07-03 20:27:06,938:INFO:Initializing Decision Tree Classifier
2021-07-03 20:27:06,938:INFO:Total runtime is 0.023914368947347005 minutes
2021-07-03 20:27:06,949:INFO:SubProcess create_model() called ==================================
2021-07-03 20:27:06,950:INFO:Initializing create_model()
2021-07-03 20:27:06,950:INFO:create_model(estimator=dt, fold=StratifiedKFold(n_splits=10, random_state=None, shuffle=False), round=4, cross_validation=True, predict=True, fit_kwargs={}, groups=None, refit=False, verbose=False, system=False, metrics=None, display=<pycaret.internal.Display.Display object at 0x00000222832753D0>, kwargs={})
2021-07-03 20:27:06,950:INFO:Checking exceptions
2021-07-03 20:27:06,950:INFO:Importing libraries
2021-07-03 20:27:06,951:INFO:Copying training dataset
2021-07-03 20:27:06,952:INFO:Defining folds
2021-07-03 20:27:06,952:INFO:Declaring metric variables
2021-07-03 20:27:06,965:INFO:Importing untrained model
2021-07-03 20:27:06,974:INFO:Decision Tree Classifier Imported succesfully
2021-07-03 20:27:06,997:INFO:Starting cross validation
2021-07-03 20:27:06,998:INFO:Cross validating with StratifiedKFold(n_splits=10, random_state=None, shuffle=False), n_jobs=-1
2021-07-03 20:27:07,058:INFO:Calculating mean and std
2021-07-03 20:27:07,059:INFO:Creating metrics dataframe
2021-07-03 20:27:07,065:INFO:Uploading results into container
2021-07-03 20:27:07,066:INFO:Uploading model into container now
2021-07-03 20:27:07,066:INFO:create_model_container: 17
2021-07-03 20:27:07,066:INFO:master_model_container: 17
2021-07-03 20:27:07,066:INFO:display_container: 3
2021-07-03 20:27:07,066:INFO:DecisionTreeClassifier(ccp_alpha=0.0, class_weight=None, criterion='gini',
                       max_depth=None, max_features=None, max_leaf_nodes=None,
                       min_impurity_decrease=0.0, min_impurity_split=None,
                       min_samples_leaf=1, min_samples_split=2,
                       min_weight_fraction_leaf=0.0, presort='deprecated',
                       random_state=786, splitter='best')
2021-07-03 20:27:07,066:INFO:create_model() succesfully completed......................................
2021-07-03 20:27:07,181:INFO:SubProcess create_model() end ==================================
2021-07-03 20:27:07,181:INFO:Creating metrics dataframe
2021-07-03 20:27:07,226:INFO:Initializing SVM - Linear Kernel
2021-07-03 20:27:07,226:INFO:Total runtime is 0.028716087341308594 minutes
2021-07-03 20:27:07,246:INFO:SubProcess create_model() called ==================================
2021-07-03 20:27:07,247:INFO:Initializing create_model()
2021-07-03 20:27:07,247:INFO:create_model(estimator=svm, fold=StratifiedKFold(n_splits=10, random_state=None, shuffle=False), round=4, cross_validation=True, predict=True, fit_kwargs={}, groups=None, refit=False, verbose=False, system=False, metrics=None, display=<pycaret.internal.Display.Display object at 0x00000222832753D0>, kwargs={})
2021-07-03 20:27:07,247:INFO:Checking exceptions
2021-07-03 20:27:07,247:INFO:Importing libraries
2021-07-03 20:27:07,247:INFO:Copying training dataset
2021-07-03 20:27:07,249:INFO:Defining folds
2021-07-03 20:27:07,250:INFO:Declaring metric variables
2021-07-03 20:27:07,272:INFO:Importing untrained model
2021-07-03 20:27:07,292:INFO:SVM - Linear Kernel Imported succesfully
2021-07-03 20:27:07,351:INFO:Starting cross validation
2021-07-03 20:27:07,353:INFO:Cross validating with StratifiedKFold(n_splits=10, random_state=None, shuffle=False), n_jobs=-1
2021-07-03 20:27:07,496:INFO:Calculating mean and std
2021-07-03 20:27:07,502:INFO:Creating metrics dataframe
2021-07-03 20:27:07,519:INFO:Uploading results into container
2021-07-03 20:27:07,520:INFO:Uploading model into container now
2021-07-03 20:27:07,520:INFO:create_model_container: 18
2021-07-03 20:27:07,521:INFO:master_model_container: 18
2021-07-03 20:27:07,521:INFO:display_container: 3
2021-07-03 20:27:07,522:INFO:SGDClassifier(alpha=0.0001, average=False, class_weight=None,
              early_stopping=False, epsilon=0.1, eta0=0.001, fit_intercept=True,
              l1_ratio=0.15, learning_rate='optimal', loss='hinge',
              max_iter=1000, n_iter_no_change=5, n_jobs=-1, penalty='l2',
              power_t=0.5, random_state=786, shuffle=True, tol=0.001,
              validation_fraction=0.1, verbose=0, warm_start=False)
2021-07-03 20:27:07,523:INFO:create_model() succesfully completed......................................
2021-07-03 20:27:07,695:INFO:SubProcess create_model() end ==================================
2021-07-03 20:27:07,696:INFO:Creating metrics dataframe
2021-07-03 20:27:07,724:INFO:Initializing Ridge Classifier
2021-07-03 20:27:07,724:INFO:Total runtime is 0.03701491753260294 minutes
2021-07-03 20:27:07,736:INFO:SubProcess create_model() called ==================================
2021-07-03 20:27:07,736:INFO:Initializing create_model()
2021-07-03 20:27:07,736:INFO:create_model(estimator=ridge, fold=StratifiedKFold(n_splits=10, random_state=None, shuffle=False), round=4, cross_validation=True, predict=True, fit_kwargs={}, groups=None, refit=False, verbose=False, system=False, metrics=None, display=<pycaret.internal.Display.Display object at 0x00000222832753D0>, kwargs={})
2021-07-03 20:27:07,737:INFO:Checking exceptions
2021-07-03 20:27:07,737:INFO:Importing libraries
2021-07-03 20:27:07,737:INFO:Copying training dataset
2021-07-03 20:27:07,738:INFO:Defining folds
2021-07-03 20:27:07,739:INFO:Declaring metric variables
2021-07-03 20:27:07,750:INFO:Importing untrained model
2021-07-03 20:27:07,762:INFO:Ridge Classifier Imported succesfully
2021-07-03 20:27:07,794:INFO:Starting cross validation
2021-07-03 20:27:07,795:INFO:Cross validating with StratifiedKFold(n_splits=10, random_state=None, shuffle=False), n_jobs=-1
2021-07-03 20:27:07,863:INFO:Calculating mean and std
2021-07-03 20:27:07,865:INFO:Creating metrics dataframe
2021-07-03 20:27:07,875:INFO:Uploading results into container
2021-07-03 20:27:07,876:INFO:Uploading model into container now
2021-07-03 20:27:07,876:INFO:create_model_container: 19
2021-07-03 20:27:07,876:INFO:master_model_container: 19
2021-07-03 20:27:07,876:INFO:display_container: 3
2021-07-03 20:27:07,877:INFO:RidgeClassifier(alpha=1.0, class_weight=None, copy_X=True, fit_intercept=True,
                max_iter=None, normalize=False, random_state=786, solver='auto',
                tol=0.001)
2021-07-03 20:27:07,877:INFO:create_model() succesfully completed......................................
2021-07-03 20:27:07,986:INFO:SubProcess create_model() end ==================================
2021-07-03 20:27:07,986:INFO:Creating metrics dataframe
2021-07-03 20:27:08,006:INFO:Initializing Random Forest Classifier
2021-07-03 20:27:08,006:INFO:Total runtime is 0.04171619017918904 minutes
2021-07-03 20:27:08,016:INFO:SubProcess create_model() called ==================================
2021-07-03 20:27:08,016:INFO:Initializing create_model()
2021-07-03 20:27:08,017:INFO:create_model(estimator=rf, fold=StratifiedKFold(n_splits=10, random_state=None, shuffle=False), round=4, cross_validation=True, predict=True, fit_kwargs={}, groups=None, refit=False, verbose=False, system=False, metrics=None, display=<pycaret.internal.Display.Display object at 0x00000222832753D0>, kwargs={})
2021-07-03 20:27:08,017:INFO:Checking exceptions
2021-07-03 20:27:08,017:INFO:Importing libraries
2021-07-03 20:27:08,017:INFO:Copying training dataset
2021-07-03 20:27:08,018:INFO:Defining folds
2021-07-03 20:27:08,018:INFO:Declaring metric variables
2021-07-03 20:27:08,031:INFO:Importing untrained model
2021-07-03 20:27:08,042:INFO:Random Forest Classifier Imported succesfully
2021-07-03 20:27:08,064:INFO:Starting cross validation
2021-07-03 20:27:08,065:INFO:Cross validating with StratifiedKFold(n_splits=10, random_state=None, shuffle=False), n_jobs=-1
2021-07-03 20:27:08,814:INFO:Calculating mean and std
2021-07-03 20:27:08,816:INFO:Creating metrics dataframe
2021-07-03 20:27:08,826:INFO:Uploading results into container
2021-07-03 20:27:08,827:INFO:Uploading model into container now
2021-07-03 20:27:08,827:INFO:create_model_container: 20
2021-07-03 20:27:08,827:INFO:master_model_container: 20
2021-07-03 20:27:08,827:INFO:display_container: 3
2021-07-03 20:27:08,828:INFO:RandomForestClassifier(bootstrap=True, ccp_alpha=0.0, class_weight=None,
                       criterion='gini', max_depth=None, max_features='auto',
                       max_leaf_nodes=None, max_samples=None,
                       min_impurity_decrease=0.0, min_impurity_split=None,
                       min_samples_leaf=1, min_samples_split=2,
                       min_weight_fraction_leaf=0.0, n_estimators=100,
                       n_jobs=-1, oob_score=False, random_state=786, verbose=0,
                       warm_start=False)
2021-07-03 20:27:08,829:INFO:create_model() succesfully completed......................................
2021-07-03 20:27:08,978:INFO:SubProcess create_model() end ==================================
2021-07-03 20:27:08,978:INFO:Creating metrics dataframe
2021-07-03 20:27:08,999:INFO:Initializing Quadratic Discriminant Analysis
2021-07-03 20:27:09,000:INFO:Total runtime is 0.05828973054885864 minutes
2021-07-03 20:27:09,011:INFO:SubProcess create_model() called ==================================
2021-07-03 20:27:09,011:INFO:Initializing create_model()
2021-07-03 20:27:09,012:INFO:create_model(estimator=qda, fold=StratifiedKFold(n_splits=10, random_state=None, shuffle=False), round=4, cross_validation=True, predict=True, fit_kwargs={}, groups=None, refit=False, verbose=False, system=False, metrics=None, display=<pycaret.internal.Display.Display object at 0x00000222832753D0>, kwargs={})
2021-07-03 20:27:09,012:INFO:Checking exceptions
2021-07-03 20:27:09,012:INFO:Importing libraries
2021-07-03 20:27:09,012:INFO:Copying training dataset
2021-07-03 20:27:09,013:INFO:Defining folds
2021-07-03 20:27:09,014:INFO:Declaring metric variables
2021-07-03 20:27:09,025:INFO:Importing untrained model
2021-07-03 20:27:09,040:INFO:Quadratic Discriminant Analysis Imported succesfully
2021-07-03 20:27:09,079:INFO:Starting cross validation
2021-07-03 20:27:09,082:INFO:Cross validating with StratifiedKFold(n_splits=10, random_state=None, shuffle=False), n_jobs=-1
2021-07-03 20:27:09,256:INFO:Calculating mean and std
2021-07-03 20:27:09,258:INFO:Creating metrics dataframe
2021-07-03 20:27:09,265:INFO:Uploading results into container
2021-07-03 20:27:09,265:INFO:Uploading model into container now
2021-07-03 20:27:09,265:INFO:create_model_container: 21
2021-07-03 20:27:09,266:INFO:master_model_container: 21
2021-07-03 20:27:09,266:INFO:display_container: 3
2021-07-03 20:27:09,266:INFO:QuadraticDiscriminantAnalysis(priors=None, reg_param=0.0,
                              store_covariance=False, tol=0.0001)
2021-07-03 20:27:09,267:INFO:create_model() succesfully completed......................................
2021-07-03 20:27:09,360:INFO:SubProcess create_model() end ==================================
2021-07-03 20:27:09,360:INFO:Creating metrics dataframe
2021-07-03 20:27:09,419:INFO:Initializing Ada Boost Classifier
2021-07-03 20:27:09,419:INFO:Total runtime is 0.06526886622111001 minutes
2021-07-03 20:27:09,447:INFO:SubProcess create_model() called ==================================
2021-07-03 20:27:09,448:INFO:Initializing create_model()
2021-07-03 20:27:09,449:INFO:create_model(estimator=ada, fold=StratifiedKFold(n_splits=10, random_state=None, shuffle=False), round=4, cross_validation=True, predict=True, fit_kwargs={}, groups=None, refit=False, verbose=False, system=False, metrics=None, display=<pycaret.internal.Display.Display object at 0x00000222832753D0>, kwargs={})
2021-07-03 20:27:09,449:INFO:Checking exceptions
2021-07-03 20:27:09,449:INFO:Importing libraries
2021-07-03 20:27:09,449:INFO:Copying training dataset
2021-07-03 20:27:09,452:INFO:Defining folds
2021-07-03 20:27:09,452:INFO:Declaring metric variables
2021-07-03 20:27:09,482:INFO:Importing untrained model
2021-07-03 20:27:09,514:INFO:Ada Boost Classifier Imported succesfully
2021-07-03 20:27:09,575:INFO:Starting cross validation
2021-07-03 20:27:09,577:INFO:Cross validating with StratifiedKFold(n_splits=10, random_state=None, shuffle=False), n_jobs=-1
2021-07-03 20:27:09,947:INFO:Calculating mean and std
2021-07-03 20:27:09,949:INFO:Creating metrics dataframe
2021-07-03 20:27:09,958:INFO:Uploading results into container
2021-07-03 20:27:09,959:INFO:Uploading model into container now
2021-07-03 20:27:09,959:INFO:create_model_container: 22
2021-07-03 20:27:09,959:INFO:master_model_container: 22
2021-07-03 20:27:09,960:INFO:display_container: 3
2021-07-03 20:27:09,961:INFO:AdaBoostClassifier(algorithm='SAMME.R', base_estimator=None, learning_rate=1.0,
                   n_estimators=50, random_state=786)
2021-07-03 20:27:09,961:INFO:create_model() succesfully completed......................................
2021-07-03 20:27:10,104:INFO:SubProcess create_model() end ==================================
2021-07-03 20:27:10,104:INFO:Creating metrics dataframe
2021-07-03 20:27:10,127:INFO:Initializing Gradient Boosting Classifier
2021-07-03 20:27:10,127:INFO:Total runtime is 0.07706356445948281 minutes
2021-07-03 20:27:10,136:INFO:SubProcess create_model() called ==================================
2021-07-03 20:27:10,137:INFO:Initializing create_model()
2021-07-03 20:27:10,137:INFO:create_model(estimator=gbc, fold=StratifiedKFold(n_splits=10, random_state=None, shuffle=False), round=4, cross_validation=True, predict=True, fit_kwargs={}, groups=None, refit=False, verbose=False, system=False, metrics=None, display=<pycaret.internal.Display.Display object at 0x00000222832753D0>, kwargs={})
2021-07-03 20:27:10,137:INFO:Checking exceptions
2021-07-03 20:27:10,137:INFO:Importing libraries
2021-07-03 20:27:10,137:INFO:Copying training dataset
2021-07-03 20:27:10,138:INFO:Defining folds
2021-07-03 20:27:10,138:INFO:Declaring metric variables
2021-07-03 20:27:10,152:INFO:Importing untrained model
2021-07-03 20:27:10,164:INFO:Gradient Boosting Classifier Imported succesfully
2021-07-03 20:27:10,193:INFO:Starting cross validation
2021-07-03 20:27:10,194:INFO:Cross validating with StratifiedKFold(n_splits=10, random_state=None, shuffle=False), n_jobs=-1
2021-07-03 20:27:10,691:INFO:Calculating mean and std
2021-07-03 20:27:10,692:INFO:Creating metrics dataframe
2021-07-03 20:27:10,701:INFO:Uploading results into container
2021-07-03 20:27:10,701:INFO:Uploading model into container now
2021-07-03 20:27:10,701:INFO:create_model_container: 23
2021-07-03 20:27:10,701:INFO:master_model_container: 23
2021-07-03 20:27:10,702:INFO:display_container: 3
2021-07-03 20:27:10,702:INFO:GradientBoostingClassifier(ccp_alpha=0.0, criterion='friedman_mse', init=None,
                           learning_rate=0.1, loss='deviance', max_depth=3,
                           max_features=None, max_leaf_nodes=None,
                           min_impurity_decrease=0.0, min_impurity_split=None,
                           min_samples_leaf=1, min_samples_split=2,
                           min_weight_fraction_leaf=0.0, n_estimators=100,
                           n_iter_no_change=None, presort='deprecated',
                           random_state=786, subsample=1.0, tol=0.0001,
                           validation_fraction=0.1, verbose=0,
                           warm_start=False)
2021-07-03 20:27:10,703:INFO:create_model() succesfully completed......................................
2021-07-03 20:27:10,821:INFO:SubProcess create_model() end ==================================
2021-07-03 20:27:10,821:INFO:Creating metrics dataframe
2021-07-03 20:27:10,843:INFO:Initializing Linear Discriminant Analysis
2021-07-03 20:27:10,843:INFO:Total runtime is 0.08899372021357217 minutes
2021-07-03 20:27:10,853:INFO:SubProcess create_model() called ==================================
2021-07-03 20:27:10,853:INFO:Initializing create_model()
2021-07-03 20:27:10,853:INFO:create_model(estimator=lda, fold=StratifiedKFold(n_splits=10, random_state=None, shuffle=False), round=4, cross_validation=True, predict=True, fit_kwargs={}, groups=None, refit=False, verbose=False, system=False, metrics=None, display=<pycaret.internal.Display.Display object at 0x00000222832753D0>, kwargs={})
2021-07-03 20:27:10,853:INFO:Checking exceptions
2021-07-03 20:27:10,853:INFO:Importing libraries
2021-07-03 20:27:10,853:INFO:Copying training dataset
2021-07-03 20:27:10,854:INFO:Defining folds
2021-07-03 20:27:10,854:INFO:Declaring metric variables
2021-07-03 20:27:10,865:INFO:Importing untrained model
2021-07-03 20:27:10,875:INFO:Linear Discriminant Analysis Imported succesfully
2021-07-03 20:27:10,902:INFO:Starting cross validation
2021-07-03 20:27:10,903:INFO:Cross validating with StratifiedKFold(n_splits=10, random_state=None, shuffle=False), n_jobs=-1
2021-07-03 20:27:11,096:INFO:Calculating mean and std
2021-07-03 20:27:11,097:INFO:Creating metrics dataframe
2021-07-03 20:27:11,105:INFO:Uploading results into container
2021-07-03 20:27:11,105:INFO:Uploading model into container now
2021-07-03 20:27:11,106:INFO:create_model_container: 24
2021-07-03 20:27:11,106:INFO:master_model_container: 24
2021-07-03 20:27:11,106:INFO:display_container: 3
2021-07-03 20:27:11,107:INFO:LinearDiscriminantAnalysis(n_components=None, priors=None, shrinkage=None,
                           solver='svd', store_covariance=False, tol=0.0001)
2021-07-03 20:27:11,107:INFO:create_model() succesfully completed......................................
2021-07-03 20:27:11,241:INFO:SubProcess create_model() end ==================================
2021-07-03 20:27:11,241:INFO:Creating metrics dataframe
2021-07-03 20:27:11,261:INFO:Initializing Extra Trees Classifier
2021-07-03 20:27:11,261:INFO:Total runtime is 0.0959749937057495 minutes
2021-07-03 20:27:11,271:INFO:SubProcess create_model() called ==================================
2021-07-03 20:27:11,272:INFO:Initializing create_model()
2021-07-03 20:27:11,272:INFO:create_model(estimator=et, fold=StratifiedKFold(n_splits=10, random_state=None, shuffle=False), round=4, cross_validation=True, predict=True, fit_kwargs={}, groups=None, refit=False, verbose=False, system=False, metrics=None, display=<pycaret.internal.Display.Display object at 0x00000222832753D0>, kwargs={})
2021-07-03 20:27:11,272:INFO:Checking exceptions
2021-07-03 20:27:11,272:INFO:Importing libraries
2021-07-03 20:27:11,272:INFO:Copying training dataset
2021-07-03 20:27:11,273:INFO:Defining folds
2021-07-03 20:27:11,273:INFO:Declaring metric variables
2021-07-03 20:27:11,284:INFO:Importing untrained model
2021-07-03 20:27:11,295:INFO:Extra Trees Classifier Imported succesfully
2021-07-03 20:27:11,321:INFO:Starting cross validation
2021-07-03 20:27:11,322:INFO:Cross validating with StratifiedKFold(n_splits=10, random_state=None, shuffle=False), n_jobs=-1
2021-07-03 20:27:12,017:INFO:Calculating mean and std
2021-07-03 20:27:12,019:INFO:Creating metrics dataframe
2021-07-03 20:27:12,023:INFO:Uploading results into container
2021-07-03 20:27:12,023:INFO:Uploading model into container now
2021-07-03 20:27:12,023:INFO:create_model_container: 25
2021-07-03 20:27:12,023:INFO:master_model_container: 25
2021-07-03 20:27:12,023:INFO:display_container: 3
2021-07-03 20:27:12,024:INFO:ExtraTreesClassifier(bootstrap=False, ccp_alpha=0.0, class_weight=None,
                     criterion='gini', max_depth=None, max_features='auto',
                     max_leaf_nodes=None, max_samples=None,
                     min_impurity_decrease=0.0, min_impurity_split=None,
                     min_samples_leaf=1, min_samples_split=2,
                     min_weight_fraction_leaf=0.0, n_estimators=100, n_jobs=-1,
                     oob_score=False, random_state=786, verbose=0,
                     warm_start=False)
2021-07-03 20:27:12,024:INFO:create_model() succesfully completed......................................
2021-07-03 20:27:12,093:INFO:SubProcess create_model() end ==================================
2021-07-03 20:27:12,093:INFO:Creating metrics dataframe
2021-07-03 20:27:12,115:INFO:Initializing Light Gradient Boosting Machine
2021-07-03 20:27:12,116:INFO:Total runtime is 0.11021538575490314 minutes
2021-07-03 20:27:12,124:INFO:SubProcess create_model() called ==================================
2021-07-03 20:27:12,125:INFO:Initializing create_model()
2021-07-03 20:27:12,125:INFO:create_model(estimator=lightgbm, fold=StratifiedKFold(n_splits=10, random_state=None, shuffle=False), round=4, cross_validation=True, predict=True, fit_kwargs={}, groups=None, refit=False, verbose=False, system=False, metrics=None, display=<pycaret.internal.Display.Display object at 0x00000222832753D0>, kwargs={})
2021-07-03 20:27:12,125:INFO:Checking exceptions
2021-07-03 20:27:12,125:INFO:Importing libraries
2021-07-03 20:27:12,125:INFO:Copying training dataset
2021-07-03 20:27:12,126:INFO:Defining folds
2021-07-03 20:27:12,126:INFO:Declaring metric variables
2021-07-03 20:27:12,137:INFO:Importing untrained model
2021-07-03 20:27:12,150:INFO:Light Gradient Boosting Machine Imported succesfully
2021-07-03 20:27:12,177:INFO:Starting cross validation
2021-07-03 20:27:12,179:INFO:Cross validating with StratifiedKFold(n_splits=10, random_state=None, shuffle=False), n_jobs=-1
2021-07-03 20:27:12,373:INFO:Calculating mean and std
2021-07-03 20:27:12,376:INFO:Creating metrics dataframe
2021-07-03 20:27:12,382:INFO:Uploading results into container
2021-07-03 20:27:12,383:INFO:Uploading model into container now
2021-07-03 20:27:12,383:INFO:create_model_container: 26
2021-07-03 20:27:12,383:INFO:master_model_container: 26
2021-07-03 20:27:12,383:INFO:display_container: 3
2021-07-03 20:27:12,384:INFO:LGBMClassifier(boosting_type='gbdt', class_weight=None, colsample_bytree=1.0,
               importance_type='split', learning_rate=0.1, max_depth=-1,
               min_child_samples=20, min_child_weight=0.001, min_split_gain=0.0,
               n_estimators=100, n_jobs=-1, num_leaves=31, objective=None,
               random_state=786, reg_alpha=0.0, reg_lambda=0.0, silent=True,
               subsample=1.0, subsample_for_bin=200000, subsample_freq=0)
2021-07-03 20:27:12,384:INFO:create_model() succesfully completed......................................
2021-07-03 20:27:12,509:INFO:SubProcess create_model() end ==================================
2021-07-03 20:27:12,509:INFO:Creating metrics dataframe
2021-07-03 20:27:12,561:INFO:Initializing create_model()
2021-07-03 20:27:12,561:INFO:create_model(estimator=LGBMClassifier(boosting_type='gbdt', class_weight=None, colsample_bytree=1.0,
               importance_type='split', learning_rate=0.1, max_depth=-1,
               min_child_samples=20, min_child_weight=0.001, min_split_gain=0.0,
               n_estimators=100, n_jobs=-1, num_leaves=31, objective=None,
               random_state=786, reg_alpha=0.0, reg_lambda=0.0, silent=True,
               subsample=1.0, subsample_for_bin=200000, subsample_freq=0), fold=StratifiedKFold(n_splits=10, random_state=None, shuffle=False), round=4, cross_validation=False, predict=False, fit_kwargs={}, groups=None, refit=True, verbose=False, system=False, metrics=None, display=None, kwargs={})
2021-07-03 20:27:12,561:INFO:Checking exceptions
2021-07-03 20:27:12,561:INFO:Importing libraries
2021-07-03 20:27:12,562:INFO:Copying training dataset
2021-07-03 20:27:12,562:INFO:Defining folds
2021-07-03 20:27:12,562:INFO:Declaring metric variables
2021-07-03 20:27:12,562:INFO:Importing untrained model
2021-07-03 20:27:12,562:INFO:Declaring custom model
2021-07-03 20:27:12,563:INFO:Light Gradient Boosting Machine Imported succesfully
2021-07-03 20:27:12,564:INFO:Cross validation set to False
2021-07-03 20:27:12,565:INFO:Fitting Model
2021-07-03 20:27:12,764:INFO:LGBMClassifier(boosting_type='gbdt', class_weight=None, colsample_bytree=1.0,
               importance_type='split', learning_rate=0.1, max_depth=-1,
               min_child_samples=20, min_child_weight=0.001, min_split_gain=0.0,
               n_estimators=100, n_jobs=-1, num_leaves=31, objective=None,
               random_state=786, reg_alpha=0.0, reg_lambda=0.0, silent=True,
               subsample=1.0, subsample_for_bin=200000, subsample_freq=0)
2021-07-03 20:27:12,764:INFO:create_models() succesfully completed......................................
2021-07-03 20:27:12,937:INFO:create_model_container: 26
2021-07-03 20:27:12,937:INFO:master_model_container: 26
2021-07-03 20:27:12,937:INFO:display_container: 3
2021-07-03 20:27:12,937:INFO:LGBMClassifier(boosting_type='gbdt', class_weight=None, colsample_bytree=1.0,
               importance_type='split', learning_rate=0.1, max_depth=-1,
               min_child_samples=20, min_child_weight=0.001, min_split_gain=0.0,
               n_estimators=100, n_jobs=-1, num_leaves=31, objective=None,
               random_state=786, reg_alpha=0.0, reg_lambda=0.0, silent=True,
               subsample=1.0, subsample_for_bin=200000, subsample_freq=0)
2021-07-03 20:27:12,937:INFO:compare_models() succesfully completed......................................
